#
# A fatal error has been detected by the Java Runtime Environment:
#
#  EXCEPTION_ACCESS_VIOLATION (0xc0000005) at pc=0x00000000550dcc82, pid=5372, tid=8416
#
# JRE version: Java(TM) SE Runtime Environment (8.0_31-b13) (build 1.8.0_31-b13)
# Java VM: Java HotSpot(TM) 64-Bit Server VM (25.31-b07 mixed mode windows-amd64 compressed oops)
# Problematic frame:
# V  [jvm.dll+0x3dcc82]
#
# Failed to write core dump. Minidumps are not enabled by default on client versions of Windows
#
# If you would like to submit a bug report, please visit:
#   http://bugreport.java.com/bugreport/crash.jsp
#

---------------  T H R E A D  ---------------

Current thread (0x0000000014b15800):  VMThread [stack: 0x0000000015bb0000,0x0000000015cb0000] [id=8416]

siginfo: ExceptionCode=0xc0000005, reading address 0xffffffffffffffff

Registers:
RAX=0x00001fffffffe800, RBX=0x00009fffffff8800, RCX=0x00000000554dd570, RDX=0x0000000000000011
RSP=0x0000000015caf160, RBP=0x00000000554dd570, RSI=0x00000000008f0000, RDI=0x0000000000000011
R8 =0x0000000000000002, R9 =0x000000000000000c, R10=0x0000000000000001, R11=0x00000000f2a7fff0
R12=0x0000000000000013, R13=0x0000000002352320, R14=0x0000000000000000, R15=0x0000000002362120
RIP=0x00000000550dcc82, EFLAGS=0x0000000000010a06

Top of Stack: (sp=0x0000000015caf160)
0x0000000015caf160:   00000000008f0000 00000000554dd570
0x0000000015caf170:   00000000f29ffff8 0000000054dfa466
0x0000000015caf180:   0000000000000013 0000000054e28d78
0x0000000015caf190:   00000000f2a80000 0000000002439420
0x0000000015caf1a0:   0000000000000003 00000000f2a80008
0x0000000015caf1b0:   0000000000000000 00000000550dc7d0
0x0000000015caf1c0:   00000000008ffd20 0000000000900040
0x0000000015caf1d0:   0000000000900040 00000000166345d0
0x0000000015caf1e0:   0000000002439420 00000000550dd70f
0x0000000015caf1f0:   0000000000000002 000000005549e2f0
0x0000000015caf200:   00000000166345d0 00000000166345d0
0x0000000015caf210:   000000005549e2f0 0000000000000000
0x0000000015caf220:   0000000055304d88 0000000000000004
0x0000000015caf230:   00000000024386b0 0000000000000004
0x0000000015caf240:   0000000055324bd0 00000000552d0100
0x0000000015caf250:   000000005549e2f0 0000000003251f1c 

Instructions: (pc=0x00000000550dcc82)
0x00000000550dcc62:   24 20 41 54 48 83 ec 20 48 8b 71 18 48 8b c2 48
0x00000000550dcc72:   8b fa 48 2b 01 48 8b e9 48 c1 e8 13 48 8d 1c 80
0x00000000550dcc82:   44 8b 44 de 1c 8b 44 de 18 4c 8b 24 de 41 81 e0
0x00000000550dcc92:   ff ff ff 07 4c 03 c0 49 81 f8 00 00 01 00 75 09 


Register to memory mapping:

RAX=0x00001fffffffe800 is an unknown value
RBX=0x00009fffffff8800 is an unknown value
RCX=0x00000000554dd570 is an unknown value
RDX=0x0000000000000011 is an unknown value
RSP=0x0000000015caf160 is an unknown value
RBP=0x00000000554dd570 is an unknown value
RSI=0x00000000008f0000 is an unknown value
RDI=0x0000000000000011 is an unknown value
R8 =0x0000000000000002 is an unknown value
R9 =0x000000000000000c is an unknown value
R10=0x0000000000000001 is an unknown value
R11=0x00000000f2a7fff0 is an oop
[Ljava.lang.Object; 
 - klass: 'java/lang/Object'[]
 - length: 2
R12=0x0000000000000013 is an unknown value
R13=0x0000000002352320 is an unknown value
R14=0x0000000000000000 is an unknown value
R15=0x0000000002362120 is an unknown value


Stack: [0x0000000015bb0000,0x0000000015cb0000],  sp=0x0000000015caf160,  free space=1020k
Native frames: (J=compiled Java code, j=interpreted, Vv=VM code, C=native code)
V  [jvm.dll+0x3dcc82]
V  [jvm.dll+0x128d78]
V  [jvm.dll+0x3dc7d0]
V  [jvm.dll+0x3dd70f]
V  [jvm.dll+0x3dea65]
V  [jvm.dll+0x3e2a6f]
V  [jvm.dll+0x3d22b4]
V  [jvm.dll+0x3e4d76]
V  [jvm.dll+0x232997]
V  [jvm.dll+0x231bd6]
V  [jvm.dll+0x232071]
V  [jvm.dll+0x23228e]
V  [jvm.dll+0x28576a]
C  [msvcr100.dll+0x21d9f]
C  [msvcr100.dll+0x21e3b]
C  [KERNEL32.DLL+0x12d92]
C  [ntdll.dll+0x9f64]

VM_Operation (0x0000000000a9e4f0): ParallelGCFailedAllocation, mode: safepoint, requested by thread 0x0000000002351000


---------------  P R O C E S S  ---------------

Java Threads: ( => current thread )
  0x0000000014baa800 JavaThread "Service Thread" daemon [_thread_blocked, id=10380, stack(0x00000000163b0000,0x00000000164b0000)]
  0x0000000014ba3800 JavaThread "C1 CompilerThread2" daemon [_thread_blocked, id=7884, stack(0x00000000162b0000,0x00000000163b0000)]
  0x0000000014b9d800 JavaThread "C2 CompilerThread1" daemon [_thread_blocked, id=6948, stack(0x00000000161b0000,0x00000000162b0000)]
  0x0000000014b4c000 JavaThread "C2 CompilerThread0" daemon [_thread_blocked, id=8736, stack(0x00000000160b0000,0x00000000161b0000)]
  0x0000000014b4b000 JavaThread "Attach Listener" daemon [_thread_blocked, id=9056, stack(0x0000000015fb0000,0x00000000160b0000)]
  0x0000000014b49800 JavaThread "Signal Dispatcher" daemon [_thread_blocked, id=8884, stack(0x0000000015eb0000,0x0000000015fb0000)]
  0x000000000243f000 JavaThread "Finalizer" daemon [_thread_blocked, id=9276, stack(0x0000000015db0000,0x0000000015eb0000)]
  0x000000000243c000 JavaThread "Reference Handler" daemon [_thread_blocked, id=6348, stack(0x0000000015cb0000,0x0000000015db0000)]
  0x0000000002351000 JavaThread "main" [_thread_blocked, id=10556, stack(0x00000000009a0000,0x0000000000aa0000)]

Other Threads:
=>0x0000000014b15800 VMThread [stack: 0x0000000015bb0000,0x0000000015cb0000] [id=8416]
  0x0000000014bad800 WatcherThread [stack: 0x00000000164b0000,0x00000000165b0000] [id=5540]

VM state:at safepoint (normal execution)

VM Mutex/Monitor currently owned by a thread:  ([mutex/lock_event])
[0x000000000099cab0] Threads_lock - owner thread: 0x0000000014b15800
[0x000000000099c330] Heap_lock - owner thread: 0x0000000002351000

Heap:
 PSYoungGen      total 144384K, used 18430K [0x00000000eab00000, 0x00000000fa700000, 0x0000000100000000)
  eden space 125952K, 0% used [0x00000000eab00000,0x00000000eab00000,0x00000000f2600000)
  from space 18432K, 99% used [0x00000000f2600000,0x00000000f37ff850,0x00000000f3800000)
  to   space 28160K, 0% used [0x00000000f8b80000,0x00000000f8b80000,0x00000000fa700000)
 ParOldGen       total 46080K, used 45780K [0x00000000c0000000, 0x00000000c2d00000, 0x00000000eab00000)
  object space 46080K, 99% used [0x00000000c0000000,0x00000000c2cb5348,0x00000000c2d00000)
 Metaspace       used 6092K, capacity 7216K, committed 7296K, reserved 1056768K
  class space    used 576K, capacity 616K, committed 640K, reserved 1048576K

Card table byte_map: [0x0000000011840000,0x0000000011a50000] byte_map_base: 0x0000000011240000

Marking Bits: (ParMarkBitMap*) 0x00000000554dd4f0
 Begin Bits: [0x0000000011fb0000, 0x0000000012fb0000)
 End Bits:   [0x0000000012fb0000, 0x0000000013fb0000)

Polling page: 0x00000000008c0000

CodeCache: size=245760Kb used=8595Kb max_used=9795Kb free=237164Kb
 bounds [0x0000000002480000, 0x0000000002e30000, 0x0000000011480000]
 total_blobs=2035 nmethods=1775 adapters=174
 compilation: enabled

Compilation events (10 events):
Event: 22.214 Thread 0x0000000014b4c000 nmethod 2158 0x0000000002761f90 code [0x0000000002762200, 0x0000000002762d50]
Event: 22.215 Thread 0x0000000014b4c000 2160       4       com.android.dx.cf.code.RopperMachine::hasRet (13 bytes)
Event: 22.215 Thread 0x0000000014b4c000 nmethod 2160 0x000000000270b310 code [0x000000000270b440, 0x000000000270b4b8]
Event: 22.215 Thread 0x0000000014b4c000 2161       4       com.android.dx.cf.code.Frame::copy (26 bytes)
Event: 22.234 Thread 0x0000000014b4c000 nmethod 2161 0x00000000026cf810 code [0x00000000026cf9c0, 0x00000000026d02f8]
Event: 22.251 Thread 0x0000000014b4c000 2163       4       com.android.dx.cf.code.Simulator$SimVisitor::visitBranch (341 bytes)
Event: 22.316 Thread 0x0000000014b4c000 nmethod 2163 0x00000000029dc5d0 code [0x00000000029dc9a0, 0x00000000029de0c8]
Event: 22.442 Thread 0x0000000014b4c000 2164   !   4       com.android.dx.cf.code.BytecodeArray::parseInstruction (2764 bytes)
Event: 22.769 Thread 0x0000000014b4c000 nmethod 2164 0x000000000269c190 code [0x000000000269db20, 0x00000000026a4950]
Event: 22.777 Thread 0x0000000014b4c000 2165       4       com.android.dx.ssa.back.FirstFitLocalCombiningAllocator::handleLocalAssociatedParams (132 bytes)

GC Heap History (10 events):
Event: 10.829 GC heap after
Heap after GC invocations=5 (full 0):
 PSYoungGen      total 35328K, used 2538K [0x00000000eab00000, 0x00000000efa00000, 0x0000000100000000)
  eden space 32768K, 0% used [0x00000000eab00000,0x00000000eab00000,0x00000000ecb00000)
  from space 2560K, 99% used [0x00000000ecb00000,0x00000000ecd7ab80,0x00000000ecd80000)
  to   space 7680K, 0% used [0x00000000ef280000,0x00000000ef280000,0x00000000efa00000)
 ParOldGen       total 44032K, used 14398K [0x00000000c0000000, 0x00000000c2b00000, 0x00000000eab00000)
  object space 44032K, 32% used [0x00000000c0000000,0x00000000c0e0fb88,0x00000000c2b00000)
 Metaspace       used 5997K, capacity 7088K, committed 7296K, reserved 1056768K
  class space    used 575K, capacity 616K, committed 640K, reserved 1048576K
}
Event: 12.311 GC heap before
{Heap before GC invocations=6 (full 0):
 PSYoungGen      total 35328K, used 35306K [0x00000000eab00000, 0x00000000efa00000, 0x0000000100000000)
  eden space 32768K, 100% used [0x00000000eab00000,0x00000000ecb00000,0x00000000ecb00000)
  from space 2560K, 99% used [0x00000000ecb00000,0x00000000ecd7ab80,0x00000000ecd80000)
  to   space 7680K, 0% used [0x00000000ef280000,0x00000000ef280000,0x00000000efa00000)
 ParOldGen       total 44032K, used 14398K [0x00000000c0000000, 0x00000000c2b00000, 0x00000000eab00000)
  object space 44032K, 32% used [0x00000000c0000000,0x00000000c0e0fb88,0x00000000c2b00000)
 Metaspace       used 6012K, capacity 7088K, committed 7296K, reserved 1056768K
  class space    used 575K, capacity 616K, committed 640K, reserved 1048576K
Event: 12.386 GC heap after
Heap after GC invocations=6 (full 0):
 PSYoungGen      total 72704K, used 7328K [0x00000000eab00000, 0x00000000efb00000, 0x0000000100000000)
  eden space 65024K, 0% used [0x00000000eab00000,0x00000000eab00000,0x00000000eea80000)
  from space 7680K, 95% used [0x00000000ef280000,0x00000000ef9a8278,0x00000000efa00000)
  to   space 8192K, 0% used [0x00000000eea80000,0x00000000eea80000,0x00000000ef280000)
 ParOldGen       total 44032K, used 14398K [0x00000000c0000000, 0x00000000c2b00000, 0x00000000eab00000)
  object space 44032K, 32% used [0x00000000c0000000,0x00000000c0e0fb88,0x00000000c2b00000)
 Metaspace       used 6012K, capacity 7088K, committed 7296K, reserved 1056768K
  class space    used 575K, capacity 616K, committed 640K, reserved 1048576K
}
Event: 16.349 GC heap before
{Heap before GC invocations=7 (full 0):
 PSYoungGen      total 72704K, used 72352K [0x00000000eab00000, 0x00000000efb00000, 0x0000000100000000)
  eden space 65024K, 100% used [0x00000000eab00000,0x00000000eea80000,0x00000000eea80000)
  from space 7680K, 95% used [0x00000000ef280000,0x00000000ef9a8278,0x00000000efa00000)
  to   space 8192K, 0% used [0x00000000eea80000,0x00000000eea80000,0x00000000ef280000)
 ParOldGen       total 44032K, used 14398K [0x00000000c0000000, 0x00000000c2b00000, 0x00000000eab00000)
  object space 44032K, 32% used [0x00000000c0000000,0x00000000c0e0fb88,0x00000000c2b00000)
 Metaspace       used 6065K, capacity 7152K, committed 7296K, reserved 1056768K
  class space    used 576K, capacity 616K, committed 640K, reserved 1048576K
Event: 16.532 GC heap after
Heap after GC invocations=7 (full 0):
 PSYoungGen      total 73216K, used 8170K [0x00000000eab00000, 0x00000000f4600000, 0x0000000100000000)
  eden space 65024K, 0% used [0x00000000eab00000,0x00000000eab00000,0x00000000eea80000)
  from space 8192K, 99% used [0x00000000eea80000,0x00000000ef27a820,0x00000000ef280000)
  to   space 14336K, 0% used [0x00000000f3800000,0x00000000f3800000,0x00000000f4600000)
 ParOldGen       total 44032K, used 24637K [0x00000000c0000000, 0x00000000c2b00000, 0x00000000eab00000)
  object space 44032K, 55% used [0x00000000c0000000,0x00000000c180f490,0x00000000c2b00000)
 Metaspace       used 6065K, capacity 7152K, committed 7296K, reserved 1056768K
  class space    used 576K, capacity 616K, committed 640K, reserved 1048576K
}
Event: 18.645 GC heap before
{Heap before GC invocations=8 (full 0):
 PSYoungGen      total 73216K, used 73194K [0x00000000eab00000, 0x00000000f4600000, 0x0000000100000000)
  eden space 65024K, 100% used [0x00000000eab00000,0x00000000eea80000,0x00000000eea80000)
  from space 8192K, 99% used [0x00000000eea80000,0x00000000ef27a820,0x00000000ef280000)
  to   space 14336K, 0% used [0x00000000f3800000,0x00000000f3800000,0x00000000f4600000)
 ParOldGen       total 44032K, used 24637K [0x00000000c0000000, 0x00000000c2b00000, 0x00000000eab00000)
  object space 44032K, 55% used [0x00000000c0000000,0x00000000c180f490,0x00000000c2b00000)
 Metaspace       used 6084K, capacity 7152K, committed 7296K, reserved 1056768K
  class space    used 576K, capacity 616K, committed 640K, reserved 1048576K
Event: 18.864 GC heap after
Heap after GC invocations=8 (full 0):
 PSYoungGen      total 140288K, used 14318K [0x00000000eab00000, 0x00000000f4e00000, 0x0000000100000000)
  eden space 125952K, 0% used [0x00000000eab00000,0x00000000eab00000,0x00000000f2600000)
  from space 14336K, 99% used [0x00000000f3800000,0x00000000f45fb988,0x00000000f4600000)
  to   space 18432K, 0% used [0x00000000f2600000,0x00000000f2600000,0x00000000f3800000)
 ParOldGen       total 44032K, used 29436K [0x00000000c0000000, 0x00000000c2b00000, 0x00000000eab00000)
  object space 44032K, 66% used [0x00000000c0000000,0x00000000c1cbf2f0,0x00000000c2b00000)
 Metaspace       used 6084K, capacity 7152K, committed 7296K, reserved 1056768K
  class space    used 576K, capacity 616K, committed 640K, reserved 1048576K
}
Event: 22.804 GC heap before
{Heap before GC invocations=9 (full 0):
 PSYoungGen      total 140288K, used 140270K [0x00000000eab00000, 0x00000000f4e00000, 0x0000000100000000)
  eden space 125952K, 100% used [0x00000000eab00000,0x00000000f2600000,0x00000000f2600000)
  from space 14336K, 99% used [0x00000000f3800000,0x00000000f45fb988,0x00000000f4600000)
  to   space 18432K, 0% used [0x00000000f2600000,0x00000000f2600000,0x00000000f3800000)
 ParOldGen       total 44032K, used 29436K [0x00000000c0000000, 0x00000000c2b00000, 0x00000000eab00000)
  object space 44032K, 66% used [0x00000000c0000000,0x00000000c1cbf2f0,0x00000000c2b00000)
 Metaspace       used 6092K, capacity 7216K, committed 7296K, reserved 1056768K
  class space    used 576K, capacity 616K, committed 640K, reserved 1048576K
Event: 22.917 GC heap after
Heap after GC invocations=9 (full 0):
 PSYoungGen      total 144384K, used 18430K [0x00000000eab00000, 0x00000000fa700000, 0x0000000100000000)
  eden space 125952K, 0% used [0x00000000eab00000,0x00000000eab00000,0x00000000f2600000)
  from space 18432K, 99% used [0x00000000f2600000,0x00000000f37ff850,0x00000000f3800000)
  to   space 28160K, 0% used [0x00000000f8b80000,0x00000000f8b80000,0x00000000fa700000)
 ParOldGen       total 46080K, used 45780K [0x00000000c0000000, 0x00000000c2d00000, 0x00000000eab00000)
  object space 46080K, 99% used [0x00000000c0000000,0x00000000c2cb5348,0x00000000c2d00000)
 Metaspace       used 6092K, capacity 7216K, committed 7296K, reserved 1056768K
  class space    used 576K, capacity 616K, committed 640K, reserved 1048576K
}
Event: 22.917 GC heap before
{Heap before GC invocations=10 (full 1):
 PSYoungGen      total 144384K, used 18430K [0x00000000eab00000, 0x00000000fa700000, 0x0000000100000000)
  eden space 125952K, 0% used [0x00000000eab00000,0x00000000eab00000,0x00000000f2600000)
  from space 18432K, 99% used [0x00000000f2600000,0x00000000f37ff850,0x00000000f3800000)
  to   space 28160K, 0% used [0x00000000f8b80000,0x00000000f8b80000,0x00000000fa700000)
 ParOldGen       total 46080K, used 45780K [0x00000000c0000000, 0x00000000c2d00000, 0x00000000eab00000)
  object space 46080K, 99% used [0x00000000c0000000,0x00000000c2cb5348,0x00000000c2d00000)
 Metaspace       used 6092K, capacity 7216K, committed 7296K, reserved 1056768K
  class space    used 576K, capacity 616K, committed 640K, reserved 1048576K

Deoptimization events (10 events):
Event: 20.507 Thread 0x0000000002351000 Uncommon trap: reason=bimorphic action=maybe_recompile pc=0x0000000002b97a70 method=com.android.dx.cf.code.BytecodeArray.parseInstruction(ILcom/android/dx/cf/code/BytecodeArray$Visitor;)I @ 1161
Event: 20.844 Thread 0x0000000002351000 Uncommon trap: reason=bimorphic action=maybe_recompile pc=0x0000000002bf72a4 method=com.android.dx.cf.code.BytecodeArray.parseInstruction(ILcom/android/dx/cf/code/BytecodeArray$Visitor;)I @ 1357
Event: 20.844 Thread 0x0000000002351000 Uncommon trap: reason=bimorphic action=maybe_recompile pc=0x0000000002bf72a4 method=com.android.dx.cf.code.BytecodeArray.parseInstruction(ILcom/android/dx/cf/code/BytecodeArray$Visitor;)I @ 1357
Event: 20.870 Thread 0x0000000002351000 Uncommon trap: reason=bimorphic action=maybe_recompile pc=0x0000000002c351d8 method=com.android.dx.ssa.LiteralOpUpgrader.tryReplacingWithConstant(Lcom/android/dx/ssa/NormalSsaInsn;)Z @ 62
Event: 20.874 Thread 0x0000000002351000 Uncommon trap: reason=bimorphic action=maybe_recompile pc=0x0000000002c351d8 method=com.android.dx.ssa.LiteralOpUpgrader.tryReplacingWithConstant(Lcom/android/dx/ssa/NormalSsaInsn;)Z @ 62
Event: 21.249 Thread 0x0000000002351000 Uncommon trap: reason=unreached action=reinterpret pc=0x00000000029c97cc method=com.android.dx.ssa.MoveParamCombiner$1.visitNonMoveInsn(Lcom/android/dx/ssa/NormalSsaInsn;)V @ 27
Event: 21.254 Thread 0x0000000002351000 Uncommon trap: reason=class_check action=maybe_recompile pc=0x0000000002d8202c method=com.android.dx.cf.code.Ropper.processBlock(Lcom/android/dx/cf/code/ByteBlock;Lcom/android/dx/cf/code/Frame;[I)V @ 711
Event: 21.254 Thread 0x0000000002351000 Uncommon trap: reason=class_check action=maybe_recompile pc=0x0000000002d8202c method=com.android.dx.cf.code.Ropper.processBlock(Lcom/android/dx/cf/code/ByteBlock;Lcom/android/dx/cf/code/Frame;[I)V @ 711
Event: 22.442 Thread 0x0000000002351000 Uncommon trap: reason=bimorphic action=maybe_recompile pc=0x00000000026b01a0 method=com.android.dx.cf.code.BytecodeArray.parseInstruction(ILcom/android/dx/cf/code/BytecodeArray$Visitor;)I @ 971
Event: 22.442 Thread 0x0000000002351000 Uncommon trap: reason=bimorphic action=maybe_recompile pc=0x00000000026b01a0 method=com.android.dx.cf.code.BytecodeArray.parseInstruction(ILcom/android/dx/cf/code/BytecodeArray$Visitor;)I @ 971

Internal exceptions (10 events):
Event: 2.819 Thread 0x0000000002351000 Exception <a 'java/security/PrivilegedActionException'> (0x00000000eb9427e0) thrown at [C:\workspace\8-2-build-windows-amd64-cygwin\jdk8u31\2394\hotspot\src\share\vm\prims\jvm.cpp, line 1312]
Event: 4.658 Thread 0x0000000002351000 Exception <a 'java/security/PrivilegedActionException'> (0x00000000eb887080) thrown at [C:\workspace\8-2-build-windows-amd64-cygwin\jdk8u31\2394\hotspot\src\share\vm\prims\jvm.cpp, line 1312]
Event: 5.273 Thread 0x0000000002351000 Exception <a 'java/security/PrivilegedActionException'> (0x00000000eac1a7d8) thrown at [C:\workspace\8-2-build-windows-amd64-cygwin\jdk8u31\2394\hotspot\src\share\vm\prims\jvm.cpp, line 1312]
Event: 5.655 Thread 0x0000000002351000 Exception <a 'java/security/PrivilegedActionException'> (0x00000000eae9b578) thrown at [C:\workspace\8-2-build-windows-amd64-cygwin\jdk8u31\2394\hotspot\src\share\vm\prims\jvm.cpp, line 1312]
Event: 6.321 Thread 0x0000000002351000 Exception <a 'java/lang/ArrayIndexOutOfBoundsException': 18> (0x00000000eb171850) thrown at [C:\workspace\8-2-build-windows-amd64-cygwin\jdk8u31\2394\hotspot\src\share\vm\interpreter\interpreterRuntime.cpp, line 366]
Event: 6.687 Thread 0x0000000002351000 Exception <a 'java/lang/ArrayIndexOutOfBoundsException'> (0x00000000eb55d378) thrown at [C:\workspace\8-2-build-windows-amd64-cygwin\jdk8u31\2394\hotspot\src\share\vm\runtime\sharedRuntime.cpp, line 604]
Event: 6.864 Thread 0x0000000002351000 Exception <a 'java/lang/ArrayIndexOutOfBoundsException'> (0x00000000eb55e590) thrown at [C:\workspace\8-2-build-windows-amd64-cygwin\jdk8u31\2394\hotspot\src\share\vm\runtime\sharedRuntime.cpp, line 604]
Event: 9.930 Thread 0x0000000002351000 Exception <a 'java/security/PrivilegedActionException'> (0x00000000eaff5c18) thrown at [C:\workspace\8-2-build-windows-amd64-cygwin\jdk8u31\2394\hotspot\src\share\vm\prims\jvm.cpp, line 1312]
Event: 13.323 Thread 0x0000000002351000 Exception <a 'java/security/PrivilegedActionException'> (0x00000000ebfb6a08) thrown at [C:\workspace\8-2-build-windows-amd64-cygwin\jdk8u31\2394\hotspot\src\share\vm\prims\jvm.cpp, line 1312]
Event: 14.199 Thread 0x0000000002351000 Implicit null exception at 0x00000000029e106f to 0x00000000029e2405

Events (10 events):
Event: 21.648 Thread 0x0000000002351000 DEOPT UNPACKING pc=0x00000000024c75bf sp=0x0000000000a9e300 mode 0
Event: 21.753 Thread 0x0000000002351000 DEOPT PACKING pc=0x0000000002c588a4 sp=0x0000000000a9e850
Event: 21.753 Thread 0x0000000002351000 DEOPT UNPACKING pc=0x00000000024c75bf sp=0x0000000000a9e630 mode 0
Event: 22.442 Thread 0x0000000002351000 Uncommon trap: trap_request=0xffffffc6 fr.pc=0x00000000026b01a0
Event: 22.442 Thread 0x0000000002351000 DEOPT PACKING pc=0x00000000026b01a0 sp=0x0000000000a9e180
Event: 22.442 Thread 0x0000000002351000 DEOPT UNPACKING pc=0x00000000024c556a sp=0x0000000000a9e118 mode 2
Event: 22.442 Thread 0x0000000002351000 Uncommon trap: trap_request=0xffffffc6 fr.pc=0x00000000026b01a0
Event: 22.442 Thread 0x0000000002351000 DEOPT PACKING pc=0x00000000026b01a0 sp=0x0000000000a9e220
Event: 22.442 Thread 0x0000000002351000 DEOPT UNPACKING pc=0x00000000024c556a sp=0x0000000000a9e1b8 mode 2
Event: 22.804 Executing VM operation: ParallelGCFailedAllocation


Dynamic libraries:
0x00007ff63bbf0000 - 0x00007ff63bc24000 	C:\Program Files\Java\jdk1.8.0_31\bin\java.exe
0x00007ffb55760000 - 0x00007ffb55921000 	C:\WINDOWS\SYSTEM32\ntdll.dll
0x00007ffb53f10000 - 0x00007ffb53fbd000 	C:\WINDOWS\system32\KERNEL32.DLL
0x00007ffb50f00000 - 0x00007ffb510dd000 	C:\WINDOWS\system32\KERNELBASE.dll
0x00007ffb54390000 - 0x00007ffb54436000 	C:\WINDOWS\system32\ADVAPI32.dll
0x00007ffb51bc0000 - 0x00007ffb51c5d000 	C:\WINDOWS\system32\msvcrt.dll
0x00007ffb51b60000 - 0x00007ffb51bbb000 	C:\WINDOWS\system32\sechost.dll
0x00007ffb521f0000 - 0x00007ffb52316000 	C:\WINDOWS\system32\RPCRT4.dll
0x00007ffb52390000 - 0x00007ffb524de000 	C:\WINDOWS\system32\USER32.dll
0x00007ffb53fc0000 - 0x00007ffb54146000 	C:\WINDOWS\system32\GDI32.dll
0x00007ffb42410000 - 0x00007ffb42684000 	C:\WINDOWS\WinSxS\amd64_microsoft.windows.common-controls_6595b64144ccf1df_6.0.10240.16384_none_f41f7b285750ef43\COMCTL32.dll
0x00007ffb53e10000 - 0x00007ffb53e46000 	C:\WINDOWS\system32\IMM32.DLL
0x00007ffb53c50000 - 0x00007ffb53dac000 	C:\WINDOWS\system32\MSCTF.dll
0x00007ffb3be40000 - 0x00007ffb3beaa000 	C:\Program Files (x86)\AVG\Av\avghooka.dll
0x0000000054840000 - 0x0000000054912000 	C:\Program Files\Java\jdk1.8.0_31\jre\bin\msvcr100.dll
0x0000000054d00000 - 0x000000005555a000 	C:\Program Files\Java\jdk1.8.0_31\jre\bin\server\jvm.dll
0x00007ffb51f60000 - 0x00007ffb51f68000 	C:\WINDOWS\system32\PSAPI.DLL
0x00007ffb41430000 - 0x00007ffb41439000 	C:\WINDOWS\SYSTEM32\WSOCK32.dll
0x00007ffb52320000 - 0x00007ffb52389000 	C:\WINDOWS\system32\WS2_32.dll
0x00007ffb54440000 - 0x00007ffb54448000 	C:\WINDOWS\system32\NSI.dll
0x00007ffb4efe0000 - 0x00007ffb4f003000 	C:\WINDOWS\SYSTEM32\WINMM.dll
0x00007ffb4ef80000 - 0x00007ffb4efac000 	C:\WINDOWS\SYSTEM32\WINMMBASE.dll
0x00007ffb512b0000 - 0x00007ffb512f4000 	C:\WINDOWS\system32\cfgmgr32.dll
0x00007ffb4f7d0000 - 0x00007ffb4f7f7000 	C:\WINDOWS\SYSTEM32\DEVOBJ.dll
0x0000000054cf0000 - 0x0000000054cff000 	C:\Program Files\Java\jdk1.8.0_31\jre\bin\verify.dll
0x0000000054cc0000 - 0x0000000054ce8000 	C:\Program Files\Java\jdk1.8.0_31\jre\bin\java.dll
0x0000000054ca0000 - 0x0000000054cb6000 	C:\Program Files\Java\jdk1.8.0_31\jre\bin\zip.dll
0x00007ffb525b0000 - 0x00007ffb53ad2000 	C:\WINDOWS\system32\SHELL32.dll
0x00007ffb51300000 - 0x00007ffb51928000 	C:\WINDOWS\system32\windows.storage.dll
0x00007ffb51f70000 - 0x00007ffb521ec000 	C:\WINDOWS\system32\combase.dll
0x00007ffb51b00000 - 0x00007ffb51b51000 	C:\WINDOWS\system32\shlwapi.dll
0x00007ffb50ef0000 - 0x00007ffb50eff000 	C:\WINDOWS\system32\kernel.appcore.dll
0x00007ffb51a40000 - 0x00007ffb51af3000 	C:\WINDOWS\system32\shcore.dll
0x00007ffb50e80000 - 0x00007ffb50eca000 	C:\WINDOWS\system32\powrprof.dll
0x00007ffb50ed0000 - 0x00007ffb50ee3000 	C:\WINDOWS\system32\profapi.dll
0x00007ffb3b710000 - 0x00007ffb3b89a000 	C:\WINDOWS\SYSTEM32\dbghelp.dll

VM Arguments:
jvm_args: -Xmx1024M -Dfile.encoding=windows-1252 -Duser.country=MX -Duser.language=es -Duser.variant 
java_command: com.android.dx.command.Main --dex --output C:\Users\Jesus\AndroidstudioProjects\App_Gestion_Final\app\build\intermediates\pre-dexed\debug\classes-9aa19106e440d5bd107a33369d9efed5fe0ded90.jar C:\Users\Jesus\AndroidstudioProjects\App_Gestion_Final\app\build\intermediates\exploded-aar\com.android.support\support-v4\23.1.0\jars\classes.jar
java_class_path (initial): C:\Android\sdk\build-tools\22.0.1\lib\dx.jar
Launcher Type: SUN_STANDARD

Environment Variables:
CLASSPATH=C:\Program Files\Java\jdk1.8.0_31\src.zip
PATH=C:\Program Files\Haskell\bin;C:\Program Files\Haskell Platform\7.10.2-a\lib\extralibs\bin;C:\Program Files\Haskell Platform\7.10.2-a\bin;C:\ProgramData\Oracle\Java\javapath;C:\Program Files\Broadcom\Broadcom 802.11\Driver;C:\WINDOWS\system32;C:\WINDOWS;C:\WINDOWS\System32\Wbem;C:\WINDOWS\System32\WindowsPowerShell\v1.0\;C:\Program Files\Java\jdk1.8.0_31\bin;C:\Python27;C:\javacc-6.0\bin;c:\Program Files\WIDCOMM\Bluetooth Software\;c:\Program Files\WIDCOMM\Bluetooth Software\syswow64;C:\Program Files\Broadcom\WHL\;C:\Program Files\Broadcom\WHL\syswow64;C:\Program Files\Broadcom\WHL\SysWow64\;C:\Program Files\Broadcom\WHL\SysWow64\syswow64;C:\Program Files (x86)\Skype\Phone\;C:\Program Files\Haskell Platform\7.10.2-a\mingw\bin;C:\Program Files (x86)\MiKTeX 2.9\miktex\bin\;C:\Users\Jesus\AppData\Roaming\cabal\bin;C:\AppServ\Apache2.2\bin;C:\AppServ\php5;C:\AppServ\MySQL\bin
USERNAME=Jesus
OS=Windows_NT
PROCESSOR_IDENTIFIER=Intel64 Family 6 Model 42 Stepping 7, GenuineIntel



---------------  S Y S T E M  ---------------

OS: Windows 8.1 , 64 bit Build 9600 

CPU:total 4 (2 cores per cpu, 2 threads per core) family 6 model 42 stepping 7, cmov, cx8, fxsr, mmx, sse, sse2, sse3, ssse3, sse4.1, sse4.2, popcnt, avx, clmul, ht, tsc, tscinvbit

Memory: 4k page, physical 4140908k(633908k free), swap 9155164k(2959260k free)

vm_info: Java HotSpot(TM) 64-Bit Server VM (25.31-b07) for windows-amd64 JRE (1.8.0_31-b13), built on Dec 17 2014 21:00:28 by "java_re" with MS VC++ 10.0 (VS2010)

time: Sun Nov 15 21:29:53 2015
elapsed time: 27 seconds (0d 0h 0m 27s)

